2018-07-05 11:15:37.300  INFO 1836 --- [restartedMain] springboot_2_web.WebApplication          : Starting WebApplication on hah with PID 1836 (/home/yzhao_sherry/IdeaProjects/javalearn/springboot_demo/target/classes started by yzhao_sherry in /home/yzhao_sherry/IdeaProjects/javalearn/springboot_demo)
2018-07-05 11:15:37.306  INFO 1836 --- [restartedMain] springboot_2_web.WebApplication          : No active profile set, falling back to default profiles: default
2018-07-05 11:15:37.362  INFO 1836 --- [restartedMain] ConfigServletWebServerApplicationContext : Refreshing org.springframework.boot.web.servlet.context.AnnotationConfigServletWebServerApplicationContext@e08abfe: startup date [Thu Jul 05 11:15:37 CST 2018]; root of context hierarchy
2018-07-05 11:15:38.480  WARN 1836 --- [restartedMain] o.m.s.mapper.ClassPathMapperScanner      : No MyBatis mapper was found in '[springboot_2_web]' package. Please check your configuration.
2018-07-05 11:15:39.385  INFO 1836 --- [restartedMain] o.s.b.w.embedded.tomcat.TomcatWebServer  : Tomcat initialized with port(s): 8080 (http)
2018-07-05 11:15:39.410  INFO 1836 --- [restartedMain] o.apache.catalina.core.StandardService   : Starting service [Tomcat]
2018-07-05 11:15:39.410  INFO 1836 --- [restartedMain] org.apache.catalina.core.StandardEngine  : Starting Servlet Engine: Apache Tomcat/8.5.31
2018-07-05 11:15:39.415  INFO 1836 --- [localhost-startStop-1] o.a.catalina.core.AprLifecycleListener   : The APR based Apache Tomcat Native library which allows optimal performance in production environments was not found on the java.library.path: [/usr/java/packages/lib/amd64:/usr/lib64:/lib64:/lib:/usr/lib]
2018-07-05 11:15:39.482  INFO 1836 --- [localhost-startStop-1] o.a.c.c.C.[Tomcat].[localhost].[/]       : Initializing Spring embedded WebApplicationContext
2018-07-05 11:15:39.482  INFO 1836 --- [localhost-startStop-1] o.s.web.context.ContextLoader            : Root WebApplicationContext: initialization completed in 2120 ms
2018-07-05 11:15:39.624  INFO 1836 --- [localhost-startStop-1] o.s.b.w.servlet.ServletRegistrationBean  : Servlet dispatcherServlet mapped to [/]
2018-07-05 11:15:39.631  INFO 1836 --- [localhost-startStop-1] o.s.b.w.servlet.FilterRegistrationBean   : Mapping filter: 'characterEncodingFilter' to: [/*]
2018-07-05 11:15:39.632  INFO 1836 --- [localhost-startStop-1] o.s.b.w.servlet.FilterRegistrationBean   : Mapping filter: 'hiddenHttpMethodFilter' to: [/*]
2018-07-05 11:15:39.633  INFO 1836 --- [localhost-startStop-1] o.s.b.w.servlet.FilterRegistrationBean   : Mapping filter: 'httpPutFormContentFilter' to: [/*]
2018-07-05 11:15:39.633  INFO 1836 --- [localhost-startStop-1] o.s.b.w.servlet.FilterRegistrationBean   : Mapping filter: 'requestContextFilter' to: [/*]
2018-07-05 11:15:39.783  INFO 1836 --- [restartedMain] o.s.w.s.handler.SimpleUrlHandlerMapping  : Mapped URL path [/**/favicon.ico] onto handler of type [class org.springframework.web.servlet.resource.ResourceHttpRequestHandler]
2018-07-05 11:15:40.101  INFO 1836 --- [restartedMain] s.w.s.m.m.a.RequestMappingHandlerAdapter : Looking for @ControllerAdvice: org.springframework.boot.web.servlet.context.AnnotationConfigServletWebServerApplicationContext@e08abfe: startup date [Thu Jul 05 11:15:37 CST 2018]; root of context hierarchy
2018-07-05 11:15:40.145  INFO 1836 --- [restartedMain] s.w.s.m.m.a.RequestMappingHandlerMapping : Mapped "{[/book/{id}],methods=[GET]}" onto public springboot_2_web.bean.Book springboot_2_web.controller.BookControler.getBook(java.lang.Long)
2018-07-05 11:15:40.146  INFO 1836 --- [restartedMain] s.w.s.m.m.a.RequestMappingHandlerMapping : Mapped "{[/book/add],methods=[POST]}" onto public springboot_2_web.bean.Book springboot_2_web.controller.BookControler.postBook(springboot_2_web.bean.Book)
2018-07-05 11:15:40.146  INFO 1836 --- [restartedMain] s.w.s.m.m.a.RequestMappingHandlerMapping : Mapped "{[/book/update],methods=[PUT]}" onto public springboot_2_web.bean.Book springboot_2_web.controller.BookControler.putBook(springboot_2_web.bean.Book)
2018-07-05 11:15:40.146  INFO 1836 --- [restartedMain] s.w.s.m.m.a.RequestMappingHandlerMapping : Mapped "{[/book/delete/{id}],methods=[DELETE]}" onto public springboot_2_web.bean.Book springboot_2_web.controller.BookControler.deleteBook(java.lang.Long)
2018-07-05 11:15:40.147  INFO 1836 --- [restartedMain] s.w.s.m.m.a.RequestMappingHandlerMapping : Mapped "{[/book],methods=[GET]}" onto public java.util.List<springboot_2_web.bean.Book> springboot_2_web.controller.BookControler.getBookList()
2018-07-05 11:15:40.151  INFO 1836 --- [restartedMain] s.w.s.m.m.a.RequestMappingHandlerMapping : Mapped "{[/error],produces=[text/html]}" onto public org.springframework.web.servlet.ModelAndView org.springframework.boot.autoconfigure.web.servlet.error.BasicErrorController.errorHtml(javax.servlet.http.HttpServletRequest,javax.servlet.http.HttpServletResponse)
2018-07-05 11:15:40.151  INFO 1836 --- [restartedMain] s.w.s.m.m.a.RequestMappingHandlerMapping : Mapped "{[/error]}" onto public org.springframework.http.ResponseEntity<java.util.Map<java.lang.String, java.lang.Object>> org.springframework.boot.autoconfigure.web.servlet.error.BasicErrorController.error(javax.servlet.http.HttpServletRequest)
2018-07-05 11:15:40.177  INFO 1836 --- [restartedMain] o.s.w.s.handler.SimpleUrlHandlerMapping  : Mapped URL path [/webjars/**] onto handler of type [class org.springframework.web.servlet.resource.ResourceHttpRequestHandler]
2018-07-05 11:15:40.177  INFO 1836 --- [restartedMain] o.s.w.s.handler.SimpleUrlHandlerMapping  : Mapped URL path [/**] onto handler of type [class org.springframework.web.servlet.resource.ResourceHttpRequestHandler]
2018-07-05 11:15:40.333  INFO 1836 --- [restartedMain] o.s.b.a.w.s.WelcomePageHandlerMapping    : Adding welcome page template: index
2018-07-05 11:15:40.936  INFO 1836 --- [restartedMain] o.s.b.d.a.OptionalLiveReloadServer       : LiveReload server is running on port 35729
2018-07-05 11:15:40.961  INFO 1836 --- [restartedMain] o.s.j.e.a.AnnotationMBeanExporter        : Registering beans for JMX exposure on startup
2018-07-05 11:15:40.962  INFO 1836 --- [restartedMain] o.s.j.e.a.AnnotationMBeanExporter        : Bean with name 'dataSource' has been autodetected for JMX exposure
2018-07-05 11:15:40.967  INFO 1836 --- [restartedMain] o.s.j.e.a.AnnotationMBeanExporter        : Located MBean 'dataSource': registering with JMX server as MBean [com.zaxxer.hikari:name=dataSource,type=HikariDataSource]
2018-07-05 11:15:40.981 ERROR 1836 --- [restartedMain] o.apache.catalina.core.StandardService   : Failed to start connector [Connector[HTTP/1.1-8080]]

org.apache.catalina.LifecycleException: Failed to start component [Connector[HTTP/1.1-8080]]
	at org.apache.catalina.util.LifecycleBase.start(LifecycleBase.java:167) ~[tomcat-embed-core-8.5.31.jar:8.5.31]
	at org.apache.catalina.core.StandardService.addConnector(StandardService.java:225) ~[tomcat-embed-core-8.5.31.jar:8.5.31]
	at org.springframework.boot.web.embedded.tomcat.TomcatWebServer.addPreviouslyRemovedConnectors(TomcatWebServer.java:256) [spring-boot-2.0.3.RELEASE.jar:2.0.3.RELEASE]
	at org.springframework.boot.web.embedded.tomcat.TomcatWebServer.start(TomcatWebServer.java:198) [spring-boot-2.0.3.RELEASE.jar:2.0.3.RELEASE]
	at org.springframework.boot.web.servlet.context.ServletWebServerApplicationContext.startWebServer(ServletWebServerApplicationContext.java:300) [spring-boot-2.0.3.RELEASE.jar:2.0.3.RELEASE]
	at org.springframework.boot.web.servlet.context.ServletWebServerApplicationContext.finishRefresh(ServletWebServerApplicationContext.java:162) [spring-boot-2.0.3.RELEASE.jar:2.0.3.RELEASE]
	at org.springframework.context.support.AbstractApplicationContext.refresh(AbstractApplicationContext.java:553) [spring-context-5.0.7.RELEASE.jar:5.0.7.RELEASE]
	at org.springframework.boot.web.servlet.context.ServletWebServerApplicationContext.refresh(ServletWebServerApplicationContext.java:140) [spring-boot-2.0.3.RELEASE.jar:2.0.3.RELEASE]
	at org.springframework.boot.SpringApplication.refresh(SpringApplication.java:759) [spring-boot-2.0.3.RELEASE.jar:2.0.3.RELEASE]
	at org.springframework.boot.SpringApplication.refreshContext(SpringApplication.java:395) [spring-boot-2.0.3.RELEASE.jar:2.0.3.RELEASE]
	at org.springframework.boot.SpringApplication.run(SpringApplication.java:327) [spring-boot-2.0.3.RELEASE.jar:2.0.3.RELEASE]
	at org.springframework.boot.SpringApplication.run(SpringApplication.java:1255) [spring-boot-2.0.3.RELEASE.jar:2.0.3.RELEASE]
	at org.springframework.boot.SpringApplication.run(SpringApplication.java:1243) [spring-boot-2.0.3.RELEASE.jar:2.0.3.RELEASE]
	at springboot_2_web.WebApplication.main(WebApplication.java:9) [classes/:na]
	at sun.reflect.NativeMethodAccessorImpl.invoke0(Native Method) ~[na:1.8.0_144]
	at sun.reflect.NativeMethodAccessorImpl.invoke(NativeMethodAccessorImpl.java:62) ~[na:1.8.0_144]
	at sun.reflect.DelegatingMethodAccessorImpl.invoke(DelegatingMethodAccessorImpl.java:43) ~[na:1.8.0_144]
	at java.lang.reflect.Method.invoke(Method.java:498) ~[na:1.8.0_144]
	at org.springframework.boot.devtools.restart.RestartLauncher.run(RestartLauncher.java:49) [spring-boot-devtools-2.0.3.RELEASE.jar:2.0.3.RELEASE]
Caused by: org.apache.catalina.LifecycleException: Protocol handler start failed
	at org.apache.catalina.connector.Connector.startInternal(Connector.java:1020) ~[tomcat-embed-core-8.5.31.jar:8.5.31]
	at org.apache.catalina.util.LifecycleBase.start(LifecycleBase.java:150) ~[tomcat-embed-core-8.5.31.jar:8.5.31]
	... 18 common frames omitted
Caused by: java.net.BindException: Address already in use
	at sun.nio.ch.Net.bind0(Native Method) ~[na:1.8.0_144]
	at sun.nio.ch.Net.bind(Net.java:433) ~[na:1.8.0_144]
	at sun.nio.ch.Net.bind(Net.java:425) ~[na:1.8.0_144]
	at sun.nio.ch.ServerSocketChannelImpl.bind(ServerSocketChannelImpl.java:223) ~[na:1.8.0_144]
	at sun.nio.ch.ServerSocketAdaptor.bind(ServerSocketAdaptor.java:74) ~[na:1.8.0_144]
	at org.apache.tomcat.util.net.NioEndpoint.bind(NioEndpoint.java:210) ~[tomcat-embed-core-8.5.31.jar:8.5.31]
	at org.apache.tomcat.util.net.AbstractEndpoint.start(AbstractEndpoint.java:1150) ~[tomcat-embed-core-8.5.31.jar:8.5.31]
	at org.apache.coyote.AbstractProtocol.start(AbstractProtocol.java:591) ~[tomcat-embed-core-8.5.31.jar:8.5.31]
	at org.apache.catalina.connector.Connector.startInternal(Connector.java:1018) ~[tomcat-embed-core-8.5.31.jar:8.5.31]
	... 19 common frames omitted

2018-07-05 11:15:40.984  INFO 1836 --- [restartedMain] o.apache.catalina.core.StandardService   : Stopping service [Tomcat]
2018-07-05 11:15:40.993  INFO 1836 --- [restartedMain] ConditionEvaluationReportLoggingListener : 

Error starting ApplicationContext. To display the conditions report re-run your application with 'debug' enabled.
2018-07-05 11:15:40.996 ERROR 1836 --- [restartedMain] o.s.b.d.LoggingFailureAnalysisReporter   : 

***************************
APPLICATION FAILED TO START
***************************

Description:

The Tomcat connector configured to listen on port 8080 failed to start. The port may already be in use or the connector may be misconfigured.

Action:

Verify the connector's configuration, identify and stop any process that's listening on port 8080, or configure this application to listen on another port.

2018-07-05 11:15:40.997  INFO 1836 --- [restartedMain] ConfigServletWebServerApplicationContext : Closing org.springframework.boot.web.servlet.context.AnnotationConfigServletWebServerApplicationContext@e08abfe: startup date [Thu Jul 05 11:15:37 CST 2018]; root of context hierarchy
2018-07-05 11:15:40.999  INFO 1836 --- [restartedMain] o.s.j.e.a.AnnotationMBeanExporter        : Unregistering JMX-exposed beans on shutdown
2018-07-05 11:15:41.000  INFO 1836 --- [restartedMain] o.s.j.e.a.AnnotationMBeanExporter        : Unregistering JMX-exposed beans
2018-07-05 11:16:41.032  INFO 2532 --- [restartedMain] springboot_2_web.WebApplication          : Starting WebApplication on hah with PID 2532 (/home/yzhao_sherry/IdeaProjects/javalearn/springboot_demo/target/classes started by yzhao_sherry in /home/yzhao_sherry/IdeaProjects/javalearn/springboot_demo)
2018-07-05 11:16:41.036  INFO 2532 --- [restartedMain] springboot_2_web.WebApplication          : No active profile set, falling back to default profiles: default
2018-07-05 11:16:41.150  INFO 2532 --- [restartedMain] ConfigServletWebServerApplicationContext : Refreshing org.springframework.boot.web.servlet.context.AnnotationConfigServletWebServerApplicationContext@212dacb0: startup date [Thu Jul 05 11:16:41 CST 2018]; root of context hierarchy
2018-07-05 11:16:42.165  WARN 2532 --- [restartedMain] o.m.s.mapper.ClassPathMapperScanner      : No MyBatis mapper was found in '[springboot_2_web]' package. Please check your configuration.
2018-07-05 11:16:42.836  INFO 2532 --- [restartedMain] o.s.b.w.embedded.tomcat.TomcatWebServer  : Tomcat initialized with port(s): 8080 (http)
2018-07-05 11:16:42.852  INFO 2532 --- [restartedMain] o.apache.catalina.core.StandardService   : Starting service [Tomcat]
2018-07-05 11:16:42.852  INFO 2532 --- [restartedMain] org.apache.catalina.core.StandardEngine  : Starting Servlet Engine: Apache Tomcat/8.5.31
2018-07-05 11:16:42.856  INFO 2532 --- [localhost-startStop-1] o.a.catalina.core.AprLifecycleListener   : The APR based Apache Tomcat Native library which allows optimal performance in production environments was not found on the java.library.path: [/usr/java/packages/lib/amd64:/usr/lib64:/lib64:/lib:/usr/lib]
2018-07-05 11:16:42.906  INFO 2532 --- [localhost-startStop-1] o.a.c.c.C.[Tomcat].[localhost].[/]       : Initializing Spring embedded WebApplicationContext
2018-07-05 11:16:42.906  INFO 2532 --- [localhost-startStop-1] o.s.web.context.ContextLoader            : Root WebApplicationContext: initialization completed in 1756 ms
2018-07-05 11:16:42.993  INFO 2532 --- [localhost-startStop-1] o.s.b.w.servlet.ServletRegistrationBean  : Servlet dispatcherServlet mapped to [/]
2018-07-05 11:16:42.995  INFO 2532 --- [localhost-startStop-1] o.s.b.w.servlet.FilterRegistrationBean   : Mapping filter: 'characterEncodingFilter' to: [/*]
2018-07-05 11:16:42.996  INFO 2532 --- [localhost-startStop-1] o.s.b.w.servlet.FilterRegistrationBean   : Mapping filter: 'hiddenHttpMethodFilter' to: [/*]
2018-07-05 11:16:42.996  INFO 2532 --- [localhost-startStop-1] o.s.b.w.servlet.FilterRegistrationBean   : Mapping filter: 'httpPutFormContentFilter' to: [/*]
2018-07-05 11:16:42.996  INFO 2532 --- [localhost-startStop-1] o.s.b.w.servlet.FilterRegistrationBean   : Mapping filter: 'requestContextFilter' to: [/*]
2018-07-05 11:16:43.112  INFO 2532 --- [restartedMain] o.s.w.s.handler.SimpleUrlHandlerMapping  : Mapped URL path [/**/favicon.ico] onto handler of type [class org.springframework.web.servlet.resource.ResourceHttpRequestHandler]
2018-07-05 11:16:43.540  INFO 2532 --- [restartedMain] s.w.s.m.m.a.RequestMappingHandlerAdapter : Looking for @ControllerAdvice: org.springframework.boot.web.servlet.context.AnnotationConfigServletWebServerApplicationContext@212dacb0: startup date [Thu Jul 05 11:16:41 CST 2018]; root of context hierarchy
2018-07-05 11:16:43.626  INFO 2532 --- [restartedMain] s.w.s.m.m.a.RequestMappingHandlerMapping : Mapped "{[/book/{id}],methods=[GET]}" onto public springboot_2_web.bean.Book springboot_2_web.controller.BookControler.getBook(java.lang.Long)
2018-07-05 11:16:43.644  INFO 2532 --- [restartedMain] s.w.s.m.m.a.RequestMappingHandlerMapping : Mapped "{[/book],methods=[GET]}" onto public java.util.List<springboot_2_web.bean.Book> springboot_2_web.controller.BookControler.getBookList()
2018-07-05 11:16:43.644  INFO 2532 --- [restartedMain] s.w.s.m.m.a.RequestMappingHandlerMapping : Mapped "{[/book/add],methods=[POST]}" onto public springboot_2_web.bean.Book springboot_2_web.controller.BookControler.postBook(springboot_2_web.bean.Book)
2018-07-05 11:16:43.645  INFO 2532 --- [restartedMain] s.w.s.m.m.a.RequestMappingHandlerMapping : Mapped "{[/book/update],methods=[PUT]}" onto public springboot_2_web.bean.Book springboot_2_web.controller.BookControler.putBook(springboot_2_web.bean.Book)
2018-07-05 11:16:43.646  INFO 2532 --- [restartedMain] s.w.s.m.m.a.RequestMappingHandlerMapping : Mapped "{[/book/delete/{id}],methods=[DELETE]}" onto public springboot_2_web.bean.Book springboot_2_web.controller.BookControler.deleteBook(java.lang.Long)
2018-07-05 11:16:43.653  INFO 2532 --- [restartedMain] s.w.s.m.m.a.RequestMappingHandlerMapping : Mapped "{[/error],produces=[text/html]}" onto public org.springframework.web.servlet.ModelAndView org.springframework.boot.autoconfigure.web.servlet.error.BasicErrorController.errorHtml(javax.servlet.http.HttpServletRequest,javax.servlet.http.HttpServletResponse)
2018-07-05 11:16:43.654  INFO 2532 --- [restartedMain] s.w.s.m.m.a.RequestMappingHandlerMapping : Mapped "{[/error]}" onto public org.springframework.http.ResponseEntity<java.util.Map<java.lang.String, java.lang.Object>> org.springframework.boot.autoconfigure.web.servlet.error.BasicErrorController.error(javax.servlet.http.HttpServletRequest)
2018-07-05 11:16:43.724  INFO 2532 --- [restartedMain] o.s.w.s.handler.SimpleUrlHandlerMapping  : Mapped URL path [/webjars/**] onto handler of type [class org.springframework.web.servlet.resource.ResourceHttpRequestHandler]
2018-07-05 11:16:43.725  INFO 2532 --- [restartedMain] o.s.w.s.handler.SimpleUrlHandlerMapping  : Mapped URL path [/**] onto handler of type [class org.springframework.web.servlet.resource.ResourceHttpRequestHandler]
2018-07-05 11:16:43.986  INFO 2532 --- [restartedMain] o.s.b.a.w.s.WelcomePageHandlerMapping    : Adding welcome page template: index
2018-07-05 11:16:44.564  INFO 2532 --- [restartedMain] o.s.b.d.a.OptionalLiveReloadServer       : LiveReload server is running on port 35729
2018-07-05 11:16:44.590  INFO 2532 --- [restartedMain] o.s.j.e.a.AnnotationMBeanExporter        : Registering beans for JMX exposure on startup
2018-07-05 11:16:44.591  INFO 2532 --- [restartedMain] o.s.j.e.a.AnnotationMBeanExporter        : Bean with name 'dataSource' has been autodetected for JMX exposure
2018-07-05 11:16:44.596  INFO 2532 --- [restartedMain] o.s.j.e.a.AnnotationMBeanExporter        : Located MBean 'dataSource': registering with JMX server as MBean [com.zaxxer.hikari:name=dataSource,type=HikariDataSource]
2018-07-05 11:16:44.625  INFO 2532 --- [restartedMain] o.s.b.w.embedded.tomcat.TomcatWebServer  : Tomcat started on port(s): 8080 (http) with context path ''
2018-07-05 11:16:44.628  INFO 2532 --- [restartedMain] springboot_2_web.WebApplication          : Started WebApplication in 4.189 seconds (JVM running for 5.839)
2018-07-05 11:17:19.988  INFO 2532 --- [http-nio-8080-exec-1] o.a.c.c.C.[Tomcat].[localhost].[/]       : Initializing Spring FrameworkServlet 'dispatcherServlet'
2018-07-05 11:17:19.988  INFO 2532 --- [http-nio-8080-exec-1] o.s.web.servlet.DispatcherServlet        : FrameworkServlet 'dispatcherServlet': initialization started
2018-07-05 11:17:20.006  INFO 2532 --- [http-nio-8080-exec-1] o.s.web.servlet.DispatcherServlet        : FrameworkServlet 'dispatcherServlet': initialization completed in 18 ms
2018-07-05 13:48:00.243  INFO 2532 --- [Thread-14] ConfigServletWebServerApplicationContext : Closing org.springframework.boot.web.servlet.context.AnnotationConfigServletWebServerApplicationContext@212dacb0: startup date [Thu Jul 05 11:16:41 CST 2018]; root of context hierarchy
2018-07-05 13:48:00.258  INFO 2532 --- [Thread-14] o.s.j.e.a.AnnotationMBeanExporter        : Unregistering JMX-exposed beans on shutdown
2018-07-05 13:48:00.259  INFO 2532 --- [Thread-14] o.s.j.e.a.AnnotationMBeanExporter        : Unregistering JMX-exposed beans
